[2026-06-18 15:59:51] [INFO] 腳本開始執行
[2026-06-18 15:59:51] [INFO] log file: /Users/tuffy330_lin/tuffy_temp_data/mac-install/logs/install-mac-daily-20260618-155951.log
[2026-06-18 15:59:51] [ALREADY] 安裝 Homebrew
[2026-06-18 15:59:51] [ALREADY] 安裝 Homebrew 套件 (zsh)
[2026-06-18 15:59:51] [ALREADY] 安裝 Homebrew 套件 (bash-completion)
[2026-06-18 15:59:51] [ALREADY] 安裝 Homebrew 套件 (jq)
[2026-06-18 15:59:51] [ALREADY] 安裝 Homebrew 套件 (shellcheck)
[2026-06-18 15:59:52] [ALREADY] 安裝 Homebrew 套件 (wget)
[2026-06-18 15:59:52] [ALREADY] 安裝 Homebrew 套件 (telnet)
[2026-06-18 15:59:52] [ALREADY] 安裝 Homebrew 套件 (tree)
[2026-06-18 15:59:52] [ALREADY] 安裝 Homebrew 套件 (fzf)
[2026-06-18 15:59:52] [ALREADY] 安裝 Homebrew 套件 (pv)
[2026-06-18 15:59:52] [ALREADY] 安裝 Homebrew 套件 (dialog)
[2026-06-18 15:59:52] [ALREADY] 安裝 Homebrew 套件 (yq)
[2026-06-18 15:59:52] [ALREADY] 安裝 Homebrew 套件 (webp)
[2026-06-18 15:59:52] [ALREADY] 安裝 Homebrew 套件 (autojump)
----- 安裝 Homebrew 視窗程式 (google-chrome) -----
✔︎ JSON API packages.sequoia.jws.json
==> Would install 1 cask:
google-chrome
Warning: The following taps are not trusted:
  caskroom/fonts
  common-fate/granted
  derailed/k9s
  dty1er/tap
  hashicorp/tap
  hidetatz/tap
  shivammathur/php

Homebrew is currently ignoring formulae, casks and commands from these taps because tap trust is required.
Trust specific formulae, casks or commands with:
  brew trust --formula <user>/<tap>/<formula>
  brew trust --cask <user>/<tap>/<cask>
  brew trust --command <user>/<tap>/<command>
or trust installed formulae from these taps with:
  brew trust --formula hashicorp/tap/terraform
  brew trust --formula shivammathur/php/php@7.4
  brew trust --formula dty1er/tap/kubecolor
  brew trust --formula derailed/k9s/k9s
  brew trust --formula common-fate/granted/granted
You can trust all formulae, casks and commands from these taps with:
  brew trust caskroom/fonts common-fate/granted derailed/k9s dty1er/tap hashicorp/tap hidetatz/tap shivammathur/php
Prefer trusting only the specific formulae, casks or commands you need.
Untap them with:
  brew untap caskroom/fonts common-fate/granted derailed/k9s dty1er/tap hashicorp/tap hidetatz/tap shivammathur/php
To disable trust checks:
  export HOMEBREW_NO_REQUIRE_TAP_TRUST=1
This is not recommended and will be removed in a later release.
==> Fetching downloads for: google-chrome
✔︎ Cask google-chrome (149.0.7827.156)
==> Installing Cask google-chrome
Error: It seems there is already an App at '/Applications/Google Chrome.app'.
==> Purging files for version 149.0.7827.156 of Cask google-chrome

[2026-06-18 16:00:23] [FAILED] 安裝 Homebrew 視窗程式 (google-chrome) | brew install --cask 失敗
----- 安裝 Homebrew 視窗程式 (iterm2) -----
==> Would install 1 cask:
iterm2
Warning: The following taps are not trusted:
  caskroom/fonts
  common-fate/granted
  derailed/k9s
  dty1er/tap
  hashicorp/tap
  hidetatz/tap
  shivammathur/php

Homebrew is currently ignoring formulae, casks and commands from these taps because tap trust is required.
Trust specific formulae, casks or commands with:
  brew trust --formula <user>/<tap>/<formula>
  brew trust --cask <user>/<tap>/<cask>
  brew trust --command <user>/<tap>/<command>
or trust installed formulae from these taps with:
  brew trust --formula hashicorp/tap/terraform
  brew trust --formula shivammathur/php/php@7.4
  brew trust --formula dty1er/tap/kubecolor
  brew trust --formula derailed/k9s/k9s
  brew trust --formula common-fate/granted/granted
You can trust all formulae, casks and commands from these taps with:
  brew trust caskroom/fonts common-fate/granted derailed/k9s dty1er/tap hashicorp/tap hidetatz/tap shivammathur/php
Prefer trusting only the specific formulae, casks or commands you need.
Untap them with:
  brew untap caskroom/fonts common-fate/granted derailed/k9s dty1er/tap hashicorp/tap hidetatz/tap shivammathur/php
To disable trust checks:
  export HOMEBREW_NO_REQUIRE_TAP_TRUST=1
This is not recommended and will be removed in a later release.
==> Fetching downloads for: iterm2
✔︎ Cask iterm2 (3.6.11)
==> Installing Cask iterm2
Error: It seems there is already an App at '/Applications/iTerm.app'.
==> Purging files for version 3.6.11 of Cask iterm2

[2026-06-18 16:00:44] [FAILED] 安裝 Homebrew 視窗程式 (iterm2) | brew install --cask 失敗
[2026-06-18 16:00:44] [ALREADY] 安裝 Homebrew 視窗程式 (visual-studio-code)
[2026-06-18 16:00:44] [ALREADY] 安裝 Homebrew 視窗程式 (raycast)
[2026-06-18 16:00:45] [ALREADY] 安裝 Homebrew 視窗程式 (openvpn-connect)
[2026-06-18 16:00:48] [REPO_MISSING] 安裝 Homebrew 視窗程式 (wireguard) | brew info --cask 查無結果
[2026-06-18 16:02:04] [SUCCESS] 安裝 Homebrew 視窗程式 (drawio)
[2026-06-18 16:02:04] [ALREADY] 安裝 oh-my-zsh (clean 主題)
[2026-06-18 16:02:07] [SUCCESS] 安裝 fzf-tab
[2026-06-18 16:02:07] [ALREADY] 安裝 zsh-autosuggestions
[2026-06-18 16:02:07] [ALREADY] 安裝 zsh-syntax-highlighting
[2026-06-18 16:02:07] [ALREADY] 設定 autojump
[2026-06-18 16:02:07] [SUCCESS] 設定 .zshrc 載入 .bash_profile
[2026-06-18 16:02:07] [SUCCESS] 設定 PS1
[2026-06-18 16:02:07] [SUCCESS] 設定 .vimrc
[2026-06-18 16:02:08] [SUCCESS] 設定 iTerm2 Profile

==================== 最終摘要 ====================
成功: 6
已有: 21
略過: 0
找不到來源: 1
失敗: 2
總數: 30
完成率: 90.00%

[成功]
 - 安裝 Homebrew 視窗程式 (drawio)
 - 安裝 fzf-tab
 - 設定 .zshrc 載入 .bash_profile
 - 設定 PS1
 - 設定 .vimrc
 - 設定 iTerm2 Profile
[已有]
 - 安裝 Homebrew
 - 安裝 Homebrew 套件 (zsh)
 - 安裝 Homebrew 套件 (bash-completion)
 - 安裝 Homebrew 套件 (jq)
 - 安裝 Homebrew 套件 (shellcheck)
 - 安裝 Homebrew 套件 (wget)
 - 安裝 Homebrew 套件 (telnet)
 - 安裝 Homebrew 套件 (tree)
 - 安裝 Homebrew 套件 (fzf)
 - 安裝 Homebrew 套件 (pv)
 - 安裝 Homebrew 套件 (dialog)
 - 安裝 Homebrew 套件 (yq)
 - 安裝 Homebrew 套件 (webp)
 - 安裝 Homebrew 套件 (autojump)
 - 安裝 Homebrew 視窗程式 (visual-studio-code)
 - 安裝 Homebrew 視窗程式 (raycast)
 - 安裝 Homebrew 視窗程式 (openvpn-connect)
 - 安裝 oh-my-zsh (clean 主題)
 - 安裝 zsh-autosuggestions
 - 安裝 zsh-syntax-highlighting
 - 設定 autojump
[略過]
 - 無
[找不到來源]
 - 安裝 Homebrew 視窗程式 (wireguard)
[失敗]
 - 安裝 Homebrew 視窗程式 (google-chrome)
 - 安裝 Homebrew 視窗程式 (iterm2)
[2026-06-18 16:02:08] [INFO] 腳本執行完成
