[2026-06-18 16:35:56] [INFO] 腳本開始執行
[2026-06-18 16:35:56] [INFO] log file: /Users/tuffy330_lin/tuffy_temp_data/mac-install/logs/install-mac-daily-20260618-163556.log
[2026-06-18 16:35:56] [ALREADY] 安裝 Homebrew
[2026-06-18 16:35:56] [ALREADY] 安裝 Homebrew 套件 (zsh)
[2026-06-18 16:35:56] [ALREADY] 安裝 Homebrew 套件 (bash-completion)
[2026-06-18 16:35:56] [ALREADY] 安裝 Homebrew 套件 (jq)
[2026-06-18 16:35:56] [ALREADY] 安裝 Homebrew 套件 (shellcheck)
[2026-06-18 16:35:57] [ALREADY] 安裝 Homebrew 套件 (wget)
[2026-06-18 16:35:57] [ALREADY] 安裝 Homebrew 套件 (telnet)
[2026-06-18 16:35:57] [ALREADY] 安裝 Homebrew 套件 (tree)
[2026-06-18 16:35:57] [ALREADY] 安裝 Homebrew 套件 (fzf)
[2026-06-18 16:35:57] [ALREADY] 安裝 Homebrew 套件 (pv)
[2026-06-18 16:35:57] [ALREADY] 安裝 Homebrew 套件 (dialog)
[2026-06-18 16:35:57] [ALREADY] 安裝 Homebrew 套件 (yq)
[2026-06-18 16:35:57] [ALREADY] 安裝 Homebrew 套件 (webp)
[2026-06-18 16:35:57] [ALREADY] 安裝 Homebrew 套件 (autojump)
[2026-06-18 16:35:57] [ALREADY] 安裝 Homebrew 視窗程式 (google-chrome)
[2026-06-18 16:35:58] [ALREADY] 安裝 Homebrew 視窗程式 (iterm2)
[2026-06-18 16:35:58] [ALREADY] 安裝 Homebrew 視窗程式 (visual-studio-code)
[2026-06-18 16:35:58] [ALREADY] 安裝 Homebrew 視窗程式 (raycast)
[2026-06-18 16:35:58] [ALREADY] 安裝 Homebrew 視窗程式 (openvpn-connect)
[2026-06-18 16:35:58] [ALREADY] 安裝 Homebrew 視窗程式 (drawio)
[2026-06-18 16:35:58] [ALREADY] 安裝 oh-my-zsh (clean 主題)
[2026-06-18 16:35:58] [ALREADY] 安裝 fzf-tab
[2026-06-18 16:35:58] [ALREADY] 安裝 zsh-autosuggestions
[2026-06-18 16:35:58] [ALREADY] 安裝 zsh-syntax-highlighting
[2026-06-18 16:35:58] [ALREADY] 設定 autojump
[2026-06-18 16:35:58] [ALREADY] 移除 .zshrc 載入 .bash_profile
[2026-06-18 16:35:58] [ALREADY] 移除 .zshrc 載入 ~/.bash_profile
[2026-06-18 16:35:58] [ALREADY] 設定 PS1
[2026-06-18 16:35:58] [ALREADY] 設定 .vimrc
[2026-06-18 16:35:58] [ALREADY] 設定 iTerm2 Profile

==================== 最終摘要 ====================
成功: 0
已有: 30
略過: 0
找不到來源: 0
失敗: 0
總數: 30
完成率: 100.00%

[成功]
 - 無
[已有]
 - 安裝 Homebrew
 - 安裝 Homebrew 套件 (zsh)
 - 安裝 Homebrew 套件 (bash-completion)
 - 安裝 Homebrew 套件 (jq)
 - 安裝 Homebrew 套件 (shellcheck)
 - 安裝 Homebrew 套件 (wget)
 - 安裝 Homebrew 套件 (telnet)
 - 安裝 Homebrew 套件 (tree)
 - 安裝 Homebrew 套件 (fzf)
 - 安裝 Homebrew 套件 (pv)
 - 安裝 Homebrew 套件 (dialog)
 - 安裝 Homebrew 套件 (yq)
 - 安裝 Homebrew 套件 (webp)
 - 安裝 Homebrew 套件 (autojump)
 - 安裝 Homebrew 視窗程式 (google-chrome)
 - 安裝 Homebrew 視窗程式 (iterm2)
 - 安裝 Homebrew 視窗程式 (visual-studio-code)
 - 安裝 Homebrew 視窗程式 (raycast)
 - 安裝 Homebrew 視窗程式 (openvpn-connect)
 - 安裝 Homebrew 視窗程式 (drawio)
 - 安裝 oh-my-zsh (clean 主題)
 - 安裝 fzf-tab
 - 安裝 zsh-autosuggestions
 - 安裝 zsh-syntax-highlighting
 - 設定 autojump
 - 移除 .zshrc 載入 .bash_profile
 - 移除 .zshrc 載入 ~/.bash_profile
 - 設定 PS1
 - 設定 .vimrc
 - 設定 iTerm2 Profile
[略過]
 - 無
[找不到來源]
 - 無
[失敗]
 - 無
[2026-06-18 16:35:58] [INFO] 腳本執行完成
